{
"contracts/contratoDEX.sol":{"l":{"26":24,"27":24,"28":24,"32":25,"33":23,"37":21,"39":19,"40":2,"43":18,"44":18,"46":18,"47":18,"49":18,"53":2,"55":1,"56":1,"58":1,"59":1,"61":1,"65":5,"67":4,"68":4,"70":4,"71":3,"73":3,"74":3,"76":3,"80":4,"82":3,"83":3,"85":3,"86":3,"88":3,"89":3,"91":3,"95":4,"96":2,"97":1,"99":1,"100":1,"102":1,"107":10,"108":10,"109":10,"110":10},"path":"/Users/wollacebomfim/Documents/projetos-ethkipu/hardhat-project/contracts/contratoDEX.sol","s":{"1":25,"2":21,"3":19,"4":2,"5":18,"6":18,"7":18,"8":2,"9":1,"10":1,"11":1,"12":5,"13":4,"14":4,"15":4,"16":3,"17":3,"18":4,"19":3,"20":3,"21":3,"22":3,"23":3,"24":4,"25":2,"26":1,"27":2,"28":1,"29":1,"30":1,"31":10,"32":10,"33":10,"34":10},"b":{"1":[23,2],"2":[21,1],"3":[19,2],"4":[2,17],"5":[1,1],"6":[2,1],"7":[1,1],"8":[4,1],"9":[4,0],"10":[3,1],"11":[3,0],"12":[2,2],"13":[1,1],"14":[1,1],"15":[1,0]},"f":{"1":24,"2":25,"3":21,"4":2,"5":5,"6":4,"7":4,"8":10},"fnMap":{"1":{"name":"constructor","line":25,"loc":{"start":{"line":25,"column":0},"end":{"line":29,"column":0}}},"2":{"name":"onlyOwner","line":31,"loc":{"start":{"line":31,"column":0},"end":{"line":34,"column":0}}},"3":{"name":"addLiquidity","line":36,"loc":{"start":{"line":36,"column":0},"end":{"line":50,"column":0}}},"4":{"name":"removeLiquidity","line":52,"loc":{"start":{"line":52,"column":0},"end":{"line":62,"column":0}}},"5":{"name":"swapAforB","line":64,"loc":{"start":{"line":64,"column":0},"end":{"line":77,"column":0}}},"6":{"name":"swapBforA","line":79,"loc":{"start":{"line":79,"column":0},"end":{"line":92,"column":0}}},"7":{"name":"getPrice","line":94,"loc":{"start":{"line":94,"column":0},"end":{"line":104,"column":0}}},"8":{"name":"getSwapResult","line":106,"loc":{"start":{"line":106,"column":0},"end":{"line":111,"column":0}}}},"statementMap":{"1":{"start":{"line":32,"column":0},"end":{"line":32,"column":44}},"2":{"start":{"line":37,"column":0},"end":{"line":37,"column":57}},"3":{"start":{"line":39,"column":0},"end":{"line":39,"column":1103}},"4":{"start":{"line":40,"column":0},"end":{"line":40,"column":65}},"5":{"start":{"line":43,"column":0},"end":{"line":43,"column":54}},"6":{"start":{"line":44,"column":0},"end":{"line":44,"column":54}},"7":{"start":{"line":49,"column":0},"end":{"line":49,"column":37}},"8":{"start":{"line":53,"column":0},"end":{"line":53,"column":75}},"9":{"start":{"line":58,"column":0},"end":{"line":58,"column":35}},"10":{"start":{"line":59,"column":0},"end":{"line":59,"column":35}},"11":{"start":{"line":61,"column":0},"end":{"line":61,"column":39}},"12":{"start":{"line":65,"column":0},"end":{"line":65,"column":43}},"13":{"start":{"line":67,"column":0},"end":{"line":67,"column":65}},"14":{"start":{"line":68,"column":0},"end":{"line":68,"column":72}},"15":{"start":{"line":70,"column":0},"end":{"line":70,"column":56}},"16":{"start":{"line":71,"column":0},"end":{"line":71,"column":38}},"17":{"start":{"line":76,"column":0},"end":{"line":76,"column":55}},"18":{"start":{"line":80,"column":0},"end":{"line":80,"column":43}},"19":{"start":{"line":82,"column":0},"end":{"line":82,"column":65}},"20":{"start":{"line":83,"column":0},"end":{"line":83,"column":72}},"21":{"start":{"line":85,"column":0},"end":{"line":85,"column":56}},"22":{"start":{"line":86,"column":0},"end":{"line":86,"column":38}},"23":{"start":{"line":91,"column":0},"end":{"line":91,"column":55}},"24":{"start":{"line":95,"column":0},"end":{"line":95,"column":2703}},"25":{"start":{"line":96,"column":0},"end":{"line":96,"column":54}},"26":{"start":{"line":97,"column":0},"end":{"line":97,"column":33}},"27":{"start":{"line":98,"column":7},"end":{"line":98,"column":2835}},"28":{"start":{"line":99,"column":0},"end":{"line":99,"column":54}},"29":{"start":{"line":100,"column":0},"end":{"line":100,"column":33}},"30":{"start":{"line":102,"column":0},"end":{"line":102,"column":30}},"31":{"start":{"line":107,"column":0},"end":{"line":107,"column":40}},"32":{"start":{"line":108,"column":0},"end":{"line":108,"column":48}},"33":{"start":{"line":109,"column":0},"end":{"line":109,"column":58}},"34":{"start":{"line":110,"column":0},"end":{"line":110,"column":30}}},"branchMap":{"1":{"line":32,"type":"if","locations":[{"start":{"line":32,"column":0},"end":{"line":32,"column":0}},{"start":{"line":32,"column":0},"end":{"line":32,"column":0}}]},"2":{"line":36,"type":"if","locations":[{"start":{"line":36,"column":65},"end":{"line":36,"column":65}},{"start":{"line":36,"column":65},"end":{"line":36,"column":65}}]},"3":{"line":37,"type":"if","locations":[{"start":{"line":37,"column":0},"end":{"line":37,"column":0}},{"start":{"line":37,"column":0},"end":{"line":37,"column":0}}]},"4":{"line":39,"type":"if","locations":[{"start":{"line":39,"column":0},"end":{"line":39,"column":0}},{"start":{"line":39,"column":0},"end":{"line":39,"column":0}}]},"5":{"line":40,"type":"if","locations":[{"start":{"line":40,"column":0},"end":{"line":40,"column":0}},{"start":{"line":40,"column":0},"end":{"line":40,"column":0}}]},"6":{"line":52,"type":"if","locations":[{"start":{"line":52,"column":68},"end":{"line":52,"column":68}},{"start":{"line":52,"column":68},"end":{"line":52,"column":68}}]},"7":{"line":53,"type":"if","locations":[{"start":{"line":53,"column":0},"end":{"line":53,"column":0}},{"start":{"line":53,"column":0},"end":{"line":53,"column":0}}]},"8":{"line":65,"type":"if","locations":[{"start":{"line":65,"column":0},"end":{"line":65,"column":0}},{"start":{"line":65,"column":0},"end":{"line":65,"column":0}}]},"9":{"line":68,"type":"if","locations":[{"start":{"line":68,"column":0},"end":{"line":68,"column":0}},{"start":{"line":68,"column":0},"end":{"line":68,"column":0}}]},"10":{"line":80,"type":"if","locations":[{"start":{"line":80,"column":0},"end":{"line":80,"column":0}},{"start":{"line":80,"column":0},"end":{"line":80,"column":0}}]},"11":{"line":83,"type":"if","locations":[{"start":{"line":83,"column":0},"end":{"line":83,"column":0}},{"start":{"line":83,"column":0},"end":{"line":83,"column":0}}]},"12":{"line":95,"type":"if","locations":[{"start":{"line":95,"column":0},"end":{"line":95,"column":0}},{"start":{"line":95,"column":0},"end":{"line":95,"column":0}}]},"13":{"line":96,"type":"if","locations":[{"start":{"line":96,"column":0},"end":{"line":96,"column":0}},{"start":{"line":96,"column":0},"end":{"line":96,"column":0}}]},"14":{"line":98,"type":"if","locations":[{"start":{"line":98,"column":7},"end":{"line":98,"column":7}},{"start":{"line":98,"column":7},"end":{"line":98,"column":7}}]},"15":{"line":99,"type":"if","locations":[{"start":{"line":99,"column":0},"end":{"line":99,"column":0}},{"start":{"line":99,"column":0},"end":{"line":99,"column":0}}]}}},
"contracts/ContratoDonation.sol":{"l":{"12":4,"17":3,"18":3,"19":3,"21":3,"22":3,"27":1,"32":2,"33":1,"34":1,"35":1,"40":2},"path":"/Users/wollacebomfim/Documents/projetos-ethkipu/hardhat-project/contracts/ContratoDonation.sol","s":{"1":3,"2":3,"3":3,"4":1,"5":2,"6":1,"7":1,"8":1,"9":2},"b":{"1":[3,0],"2":[3,0],"3":[1,1],"4":[1,0]},"f":{"1":4,"2":3,"3":1,"4":2,"5":2},"fnMap":{"1":{"name":"constructor","line":11,"loc":{"start":{"line":11,"column":4},"end":{"line":13,"column":4}}},"2":{"name":"doar","line":16,"loc":{"start":{"line":16,"column":4},"end":{"line":23,"column":4}}},"3":{"name":"getDoadores","line":26,"loc":{"start":{"line":26,"column":4},"end":{"line":28,"column":4}}},"4":{"name":"resgatar","line":31,"loc":{"start":{"line":31,"column":4},"end":{"line":36,"column":4}}},"5":{"name":"saldoContrato","line":39,"loc":{"start":{"line":39,"column":4},"end":{"line":41,"column":4}}}},"statementMap":{"1":{"start":{"line":17,"column":8},"end":{"line":17,"column":62}},"2":{"start":{"line":18,"column":8},"end":{"line":18,"column":461}},"3":{"start":{"line":19,"column":12},"end":{"line":19,"column":36}},"4":{"start":{"line":27,"column":8},"end":{"line":27,"column":23}},"5":{"start":{"line":32,"column":8},"end":{"line":32,"column":66}},"6":{"start":{"line":33,"column":8},"end":{"line":33,"column":45}},"7":{"start":{"line":34,"column":8},"end":{"line":34,"column":52}},"8":{"start":{"line":35,"column":8},"end":{"line":35,"column":37}},"9":{"start":{"line":40,"column":8},"end":{"line":40,"column":36}}},"branchMap":{"1":{"line":17,"type":"if","locations":[{"start":{"line":17,"column":8},"end":{"line":17,"column":8}},{"start":{"line":17,"column":8},"end":{"line":17,"column":8}}]},"2":{"line":18,"type":"if","locations":[{"start":{"line":18,"column":8},"end":{"line":18,"column":8}},{"start":{"line":18,"column":8},"end":{"line":18,"column":8}}]},"3":{"line":32,"type":"if","locations":[{"start":{"line":32,"column":8},"end":{"line":32,"column":8}},{"start":{"line":32,"column":8},"end":{"line":32,"column":8}}]},"4":{"line":34,"type":"if","locations":[{"start":{"line":34,"column":8},"end":{"line":34,"column":8}},{"start":{"line":34,"column":8},"end":{"line":34,"column":8}}]}}},
"contracts/MockERC20.sol":{"l":{"21":46,"22":46,"23":46,"24":46,"25":46,"29":0,"33":0,"37":0,"41":0,"45":12,"49":100,"50":100,"51":100,"55":43,"59":61,"60":61,"61":61,"65":43,"66":43,"67":42,"68":42,"72":142,"73":142,"75":142,"76":142,"77":142,"78":142,"79":142,"82":142,"86":103,"87":103,"89":103,"90":103,"94":43,"95":43,"96":43,"97":42,"98":42,"105":0,"107":0,"108":0,"109":0,"111":0},"path":"/Users/wollacebomfim/Documents/projetos-ethkipu/hardhat-project/contracts/MockERC20.sol","s":{"1":46,"2":0,"3":0,"4":0,"5":0,"6":12,"7":100,"8":100,"9":100,"10":43,"11":61,"12":61,"13":61,"14":43,"15":43,"16":42,"17":42,"18":142,"19":142,"20":142,"21":142,"22":142,"23":103,"24":103,"25":103,"26":43,"27":43,"28":43,"29":42,"30":0,"31":0},"b":{"1":[142,0],"2":[142,0],"3":[142,0],"4":[103,0],"5":[103,0],"6":[43,0],"7":[42,1],"8":[0,0]},"f":{"1":46,"2":0,"3":0,"4":0,"5":0,"6":12,"7":100,"8":43,"9":61,"10":43,"11":142,"12":103,"13":43,"14":0},"fnMap":{"1":{"name":"constructor","line":20,"loc":{"start":{"line":20,"column":4},"end":{"line":26,"column":4}}},"2":{"name":"name","line":28,"loc":{"start":{"line":28,"column":4},"end":{"line":30,"column":4}}},"3":{"name":"symbol","line":32,"loc":{"start":{"line":32,"column":4},"end":{"line":34,"column":4}}},"4":{"name":"decimals","line":36,"loc":{"start":{"line":36,"column":4},"end":{"line":38,"column":4}}},"5":{"name":"totalSupply","line":40,"loc":{"start":{"line":40,"column":4},"end":{"line":42,"column":4}}},"6":{"name":"balanceOf","line":44,"loc":{"start":{"line":44,"column":4},"end":{"line":46,"column":4}}},"7":{"name":"transfer","line":48,"loc":{"start":{"line":48,"column":4},"end":{"line":52,"column":4}}},"8":{"name":"allowance","line":54,"loc":{"start":{"line":54,"column":4},"end":{"line":56,"column":4}}},"9":{"name":"approve","line":58,"loc":{"start":{"line":58,"column":4},"end":{"line":62,"column":4}}},"10":{"name":"transferFrom","line":64,"loc":{"start":{"line":64,"column":4},"end":{"line":69,"column":4}}},"11":{"name":"_transfer","line":71,"loc":{"start":{"line":71,"column":4},"end":{"line":83,"column":4}}},"12":{"name":"_approve","line":85,"loc":{"start":{"line":85,"column":4},"end":{"line":91,"column":4}}},"13":{"name":"_spendAllowance","line":93,"loc":{"start":{"line":93,"column":4},"end":{"line":101,"column":4}}},"14":{"name":"mint","line":104,"loc":{"start":{"line":104,"column":4},"end":{"line":112,"column":4}}}},"statementMap":{"1":{"start":{"line":25,"column":8},"end":{"line":25,"column":59}},"2":{"start":{"line":29,"column":8},"end":{"line":29,"column":20}},"3":{"start":{"line":33,"column":8},"end":{"line":33,"column":22}},"4":{"start":{"line":37,"column":8},"end":{"line":37,"column":24}},"5":{"start":{"line":41,"column":8},"end":{"line":41,"column":27}},"6":{"start":{"line":45,"column":8},"end":{"line":45,"column":33}},"7":{"start":{"line":49,"column":8},"end":{"line":49,"column":34}},"8":{"start":{"line":50,"column":8},"end":{"line":50,"column":35}},"9":{"start":{"line":51,"column":8},"end":{"line":51,"column":19}},"10":{"start":{"line":55,"column":8},"end":{"line":55,"column":42}},"11":{"start":{"line":59,"column":8},"end":{"line":59,"column":34}},"12":{"start":{"line":60,"column":8},"end":{"line":60,"column":39}},"13":{"start":{"line":61,"column":8},"end":{"line":61,"column":19}},"14":{"start":{"line":65,"column":8},"end":{"line":65,"column":36}},"15":{"start":{"line":66,"column":8},"end":{"line":66,"column":45}},"16":{"start":{"line":67,"column":8},"end":{"line":67,"column":34}},"17":{"start":{"line":68,"column":8},"end":{"line":68,"column":19}},"18":{"start":{"line":72,"column":8},"end":{"line":72,"column":75}},"19":{"start":{"line":73,"column":8},"end":{"line":73,"column":71}},"20":{"start":{"line":75,"column":8},"end":{"line":75,"column":45}},"21":{"start":{"line":76,"column":8},"end":{"line":76,"column":79}},"22":{"start":{"line":82,"column":8},"end":{"line":82,"column":39}},"23":{"start":{"line":86,"column":8},"end":{"line":86,"column":75}},"24":{"start":{"line":87,"column":8},"end":{"line":87,"column":75}},"25":{"start":{"line":90,"column":8},"end":{"line":90,"column":45}},"26":{"start":{"line":94,"column":8},"end":{"line":94,"column":60}},"27":{"start":{"line":95,"column":8},"end":{"line":95,"column":3094}},"28":{"start":{"line":96,"column":12},"end":{"line":96,"column":79}},"29":{"start":{"line":98,"column":16},"end":{"line":98,"column":66}},"30":{"start":{"line":105,"column":8},"end":{"line":105,"column":67}},"31":{"start":{"line":111,"column":8},"end":{"line":111,"column":45}}},"branchMap":{"1":{"line":72,"type":"if","locations":[{"start":{"line":72,"column":8},"end":{"line":72,"column":8}},{"start":{"line":72,"column":8},"end":{"line":72,"column":8}}]},"2":{"line":73,"type":"if","locations":[{"start":{"line":73,"column":8},"end":{"line":73,"column":8}},{"start":{"line":73,"column":8},"end":{"line":73,"column":8}}]},"3":{"line":76,"type":"if","locations":[{"start":{"line":76,"column":8},"end":{"line":76,"column":8}},{"start":{"line":76,"column":8},"end":{"line":76,"column":8}}]},"4":{"line":86,"type":"if","locations":[{"start":{"line":86,"column":8},"end":{"line":86,"column":8}},{"start":{"line":86,"column":8},"end":{"line":86,"column":8}}]},"5":{"line":87,"type":"if","locations":[{"start":{"line":87,"column":8},"end":{"line":87,"column":8}},{"start":{"line":87,"column":8},"end":{"line":87,"column":8}}]},"6":{"line":95,"type":"if","locations":[{"start":{"line":95,"column":8},"end":{"line":95,"column":8}},{"start":{"line":95,"column":8},"end":{"line":95,"column":8}}]},"7":{"line":96,"type":"if","locations":[{"start":{"line":96,"column":12},"end":{"line":96,"column":12}},{"start":{"line":96,"column":12},"end":{"line":96,"column":12}}]},"8":{"line":105,"type":"if","locations":[{"start":{"line":105,"column":8},"end":{"line":105,"column":8}},{"start":{"line":105,"column":8},"end":{"line":105,"column":8}}]}}}}
