TN:
SF:/Users/wollacebomfim/Documents/projetos-ethkipu/hardhat-project/contracts/contratoDEX.sol
FN:25,constructor
FN:31,onlyOwner
FN:36,addLiquidity
FN:52,removeLiquidity
FN:64,swapAforB
FN:79,swapBforA
FN:94,getPrice
FN:106,getSwapResult
FNF:8
FNH:8
FNDA:24,constructor
FNDA:25,onlyOwner
FNDA:21,addLiquidity
FNDA:2,removeLiquidity
FNDA:5,swapAforB
FNDA:4,swapBforA
FNDA:4,getPrice
FNDA:10,getSwapResult
DA:26,24
DA:27,24
DA:28,24
DA:32,25
DA:33,23
DA:37,21
DA:39,19
DA:40,2
DA:43,18
DA:44,18
DA:46,18
DA:47,18
DA:49,18
DA:53,2
DA:55,1
DA:56,1
DA:58,1
DA:59,1
DA:61,1
DA:65,5
DA:67,4
DA:68,4
DA:70,4
DA:71,3
DA:73,3
DA:74,3
DA:76,3
DA:80,4
DA:82,3
DA:83,3
DA:85,3
DA:86,3
DA:88,3
DA:89,3
DA:91,3
DA:95,4
DA:96,2
DA:97,1
DA:99,1
DA:100,1
DA:102,1
DA:107,10
DA:108,10
DA:109,10
DA:110,10
LF:45
LH:45
BRDA:32,1,0,23
BRDA:32,1,1,2
BRDA:36,2,0,21
BRDA:36,2,1,1
BRDA:37,3,0,19
BRDA:37,3,1,2
BRDA:39,4,0,2
BRDA:39,4,1,17
BRDA:40,5,0,1
BRDA:40,5,1,1
BRDA:52,6,0,2
BRDA:52,6,1,1
BRDA:53,7,0,1
BRDA:53,7,1,1
BRDA:65,8,0,4
BRDA:65,8,1,1
BRDA:68,9,0,4
BRDA:68,9,1,0
BRDA:80,10,0,3
BRDA:80,10,1,1
BRDA:83,11,0,3
BRDA:83,11,1,0
BRDA:95,12,0,2
BRDA:95,12,1,2
BRDA:96,13,0,1
BRDA:96,13,1,1
BRDA:98,14,0,1
BRDA:98,14,1,1
BRDA:99,15,0,1
BRDA:99,15,1,0
BRF:30
BRH:27
end_of_record
TN:
SF:/Users/wollacebomfim/Documents/projetos-ethkipu/hardhat-project/contracts/ContratoDonation.sol
FN:11,constructor
FN:16,doar
FN:26,getDoadores
FN:31,resgatar
FN:39,saldoContrato
FNF:5
FNH:5
FNDA:4,constructor
FNDA:3,doar
FNDA:1,getDoadores
FNDA:2,resgatar
FNDA:2,saldoContrato
DA:12,4
DA:17,3
DA:18,3
DA:19,3
DA:21,3
DA:22,3
DA:27,1
DA:32,2
DA:33,1
DA:34,1
DA:35,1
DA:40,2
LF:12
LH:12
BRDA:17,1,0,3
BRDA:17,1,1,0
BRDA:18,2,0,3
BRDA:18,2,1,0
BRDA:32,3,0,1
BRDA:32,3,1,1
BRDA:34,4,0,1
BRDA:34,4,1,0
BRF:8
BRH:5
end_of_record
TN:
SF:/Users/wollacebomfim/Documents/projetos-ethkipu/hardhat-project/contracts/MockERC20.sol
FN:20,constructor
FN:28,name
FN:32,symbol
FN:36,decimals
FN:40,totalSupply
FN:44,balanceOf
FN:48,transfer
FN:54,allowance
FN:58,approve
FN:64,transferFrom
FN:71,_transfer
FN:85,_approve
FN:93,_spendAllowance
FN:104,mint
FNF:14
FNH:9
FNDA:46,constructor
FNDA:0,name
FNDA:0,symbol
FNDA:0,decimals
FNDA:0,totalSupply
FNDA:12,balanceOf
FNDA:100,transfer
FNDA:43,allowance
FNDA:61,approve
FNDA:43,transferFrom
FNDA:142,_transfer
FNDA:103,_approve
FNDA:43,_spendAllowance
FNDA:0,mint
DA:21,46
DA:22,46
DA:23,46
DA:24,46
DA:25,46
DA:29,0
DA:33,0
DA:37,0
DA:41,0
DA:45,12
DA:49,100
DA:50,100
DA:51,100
DA:55,43
DA:59,61
DA:60,61
DA:61,61
DA:65,43
DA:66,43
DA:67,42
DA:68,42
DA:72,142
DA:73,142
DA:75,142
DA:76,142
DA:77,142
DA:78,142
DA:79,142
DA:82,142
DA:86,103
DA:87,103
DA:89,103
DA:90,103
DA:94,43
DA:95,43
DA:96,43
DA:97,42
DA:98,42
DA:105,0
DA:107,0
DA:108,0
DA:109,0
DA:111,0
LF:43
LH:34
BRDA:72,1,0,142
BRDA:72,1,1,0
BRDA:73,2,0,142
BRDA:73,2,1,0
BRDA:76,3,0,142
BRDA:76,3,1,0
BRDA:86,4,0,103
BRDA:86,4,1,0
BRDA:87,5,0,103
BRDA:87,5,1,0
BRDA:95,6,0,43
BRDA:95,6,1,0
BRDA:96,7,0,42
BRDA:96,7,1,1
BRDA:105,8,0,0
BRDA:105,8,1,0
BRF:16
BRH:8
end_of_record
